#
# A fatal error has been detected by the Java Runtime Environment:
#
#  SIGSEGV (0xb) at pc=0x000000010d5393e9, pid=8961, tid=18435
#
# JRE version: Java(TM) SE Runtime Environment (7.0_80-b15) (build 1.7.0_80-b15)
# Java VM: Java HotSpot(TM) 64-Bit Server VM (24.80-b11 mixed mode bsd-amd64 compressed oops)
# Problematic frame:
# V  [libjvm.dylib+0x3393e9]  jvmti_IsMethodSynthetic+0xe6
#
# Failed to write core dump. Core dumps have been disabled. To enable core dumping, try "ulimit -c unlimited" before starting Java again
#
# If you would like to submit a bug report, please visit:
#   http://bugreport.java.com/bugreport/crash.jsp
#

---------------  T H R E A D  ---------------

Current thread (0x00007f88c200b000):  JavaThread "JDWP Transport Listener: dt_socket" daemon [_thread_in_vm, id=18435, stack(0x000000011c3ba000,0x000000011c4ba000)]

siginfo:si_signo=SIGSEGV: si_errno=0, si_code=1 (SEGV_MAPERR), si_addr=0x0000407730000008

Registers:
RAX=0x000000010d97e940, RBX=0x000000011c4b9a8b, RCX=0x00000000001f8103, RDX=0x000000011c4b9a8b
RSP=0x000000011c4b99f0, RBP=0x000000011c4b9a40, RSI=0x00007f88c200b000, RDI=0x00007f88c050f860
R8 =0x00007f88c06d0210, R9 =0x00007f88c2d582b0, R10=0x0000000050963167, R11=0x00000000eb8bc221
R12=0x00007f88c200b000, R13=0x00007f88c2d10002, R14=0x0000407730000000, R15=0x00007f88c050f860
RIP=0x000000010d5393e9, EFLAGS=0x0000000000010202, ERR=0x0000000000000004
  TRAPNO=0x000000000000000e

Top of Stack: (sp=0x000000011c4b99f0)
0x000000011c4b99f0:   00007f88c200b000 0000000000000000
0x000000011c4b9a00:   0000000000000000 0000000000000000
0x000000011c4b9a10:   00007f88c200b000 00007f88c200b000
0x000000011c4b9a20:   000000011c4b9a8b 000000011c4b9a90
0x000000011c4b9a30:   00007f88c2d10002 0000000000000014
0x000000011c4b9a40:   000000011c4b9a60 000000010dd881a8
0x000000011c4b9a50:   0000000000000001 000000011c4b9b08
0x000000011c4b9a60:   000000011c4b9ad0 000000010dd6cfbb
0x000000011c4b9a70:   000000011c4b9aa0 00007f88c2d5b550
0x000000011c4b9a80:   0000001500000032 00000009004b9b08
0x000000011c4b9a90:   0000000000000000 0000000000000000
0x000000011c4b9aa0:   0000000000000000 000000011c4b9c90
0x000000011c4b9ab0:   000000010dd8fdc2 00007f88c0406510
0x000000011c4b9ac0:   000000011c4b9b08 000000010dd9b588
0x000000011c4b9ad0:   000000011c4b9ae0 000000010dd6d0b4
0x000000011c4b9ae0:   000000011c4b9d00 000000010dd76642
0x000000011c4b9af0:   00001c6b00000013 00000000000f0200
0x000000011c4b9b00:   00007f88c2c6ee60 00007f88c1b41d4a
0x000000011c4b9b10:   00007f8800000166 00007f88c062cd40
0x000000011c4b9b20:   00007f880000012c 000000011c4b9b58
0x000000011c4b9b30:   00007f88c06c8e40 00007f0000000000
0x000000011c4b9b40:   00001c6b0000001c 00007fff0000ee80
0x000000011c4b9b50:   000000011c4b9b58 887f000015000000
0x000000011c4b9b60:   06000000e8784fc0 00003e74696e693c
0x000000011c4b9b70:   0000005629280300 7f00000100000000
0x000000011c4b9b80:   00000090b252c088 4165766f6d65720d
0x000000011c4b9b90:   0000736f746e6563 6176616a4c282600
0x000000011c4b9ba0:   74532f676e616c2f 6a4c293b676e6972
0x000000011c4b9bb0:   676e616c2f617661 3b676e697274532f
0x000000011c4b9bc0:   0900000000000000 58b252c0887f0000
0x000000011c4b9bd0:   6f6d65720f000000 6f57706f74536576
0x000000011c4b9be0:   2826000000736472 616c2f6176616a4c 

Instructions: (pc=0x000000010d5393e9)
0x000000010d5393c9:   49 39 c6 74 e7 4d 85 f6 74 e2 48 8d 05 86 81 4d
0x000000010d5393d9:   00 80 38 00 74 16 48 8d 05 5a 55 44 00 8a 48 08
0x000000010d5393e9:   41 8b 7e 08 48 d3 e7 48 03 38 eb 04 49 8b 7e 08
0x000000010d5393f9:   48 8b 47 10 48 83 c7 10 ff 90 28 01 00 00 84 c0 

Register to memory mapping:

RAX=0x000000010d97e940: _ZN8Universe11_narrow_oopE+0 in /Library/Java/JavaVirtualMachines/jdk1.7.0_80.jdk/Contents/Home/jre/lib/server/libjvm.dylib at 0x000000010d200000
RBX=0x000000011c4b9a8b is pointing into the stack for thread: 0x00007f88c200b000
RCX=0x00000000001f8103 is an unknown value
RDX=0x000000011c4b9a8b is pointing into the stack for thread: 0x00007f88c200b000
RSP=0x000000011c4b99f0 is pointing into the stack for thread: 0x00007f88c200b000
RBP=0x000000011c4b9a40 is pointing into the stack for thread: 0x00007f88c200b000
RSI=0x00007f88c200b000 is a thread
RDI=0x00007f88c050f860 is an unknown value
R8 =0x00007f88c06d0210 is an unknown value
R9 =0x00007f88c2d582b0 is an unknown value
R10=0x0000000050963167 is an unknown value
R11=0x00000000eb8bc221 is an unknown value
R12=0x00007f88c200b000 is a thread
R13=0x00007f88c2d10002 is an unknown value
R14=0x0000407730000000 is an unknown value
R15=0x00007f88c050f860 is an unknown value


Stack: [0x000000011c3ba000,0x000000011c4ba000],  sp=0x000000011c4b99f0,  free space=1022k
Native frames: (J=compiled Java code, j=interpreted, Vv=VM code, C=native code)
V  [libjvm.dylib+0x3393e9]  jvmti_IsMethodSynthetic+0xe6
C  [libjdwp.dylib+0x201a8]  isMethodSynthetic+0x63
C  [libjdwp.dylib+0x4fbb]  methods1+0x10b
C  [libjdwp.dylib+0x50b4]  methodsWithGeneric+0xe
C  [libjdwp.dylib+0xe642]  debugLoop_run+0x1ce
C  [libjdwp.dylib+0x1f0e2]  attachThread+0x4d
V  [libjvm.dylib+0x37a08e]  JvmtiAgentThread::call_start_function()+0x38
V  [libjvm.dylib+0x4f8341]  JavaThread::thread_main_inner()+0x9b
V  [libjvm.dylib+0x4f9a49]  JavaThread::run()+0x1a3
V  [libjvm.dylib+0x422b92]  java_start(Thread*)+0x126
C  [libsystem_pthread.dylib+0x1899]  _pthread_body+0x8a
C  [libsystem_pthread.dylib+0x172a]  _pthread_struct_init+0x0
C  [libsystem_pthread.dylib+0x5fc9]  thread_start+0xd


---------------  P R O C E S S  ---------------

Java Threads: ( => current thread )
  0x00007f88c1a82000 JavaThread "TimerQueue" daemon [_thread_blocked, id=56899, stack(0x0000000125e0f000,0x0000000125f0f000)]
  0x00007f88c10e7000 JavaThread "Java2D Disposer" daemon [_thread_blocked, id=50739, stack(0x0000000122211000,0x0000000122311000)]
  0x00007f88c10bb000 JavaThread "Java2D Queue Flusher" daemon [_thread_blocked, id=48399, stack(0x0000000120e6c000,0x0000000120f6c000)]
  0x00007f88c10ba800 JavaThread "DestroyJavaVM" [_thread_blocked, id=6403, stack(0x000000010dc66000,0x000000010dd66000)]
  0x00007f88c0874800 JavaThread "AWT-EventQueue-0" [_thread_blocked, id=47619, stack(0x0000000120d69000,0x0000000120e69000)]
  0x00007f88c18b1800 JavaThread "AWT-Shutdown" [_thread_blocked, id=27923, stack(0x000000011e46a000,0x000000011e56a000)]
  0x00007f88c0855800 JavaThread "AppKit Thread" daemon [_thread_in_native, id=3335, stack(0x00007fff532f3000,0x00007fff53373000)]
  0x00007f88c082f000 JavaThread "Service Thread" daemon [_thread_blocked, id=20995, stack(0x000000011c8c9000,0x000000011c9c9000)]
  0x00007f88c082e000 JavaThread "C2 CompilerThread1" daemon [_thread_blocked, id=20483, stack(0x000000011c7c6000,0x000000011c8c6000)]
  0x00007f88c0820800 JavaThread "C2 CompilerThread0" daemon [_thread_blocked, id=19971, stack(0x000000011c6c3000,0x000000011c7c3000)]
  0x00007f88c180e000 JavaThread "JDWP Command Reader" daemon [_thread_in_native, id=19459, stack(0x000000011c5c0000,0x000000011c6c0000)]
  0x00007f88c200c000 JavaThread "JDWP Event Helper Thread" daemon [_thread_blocked, id=18947, stack(0x000000011c4bd000,0x000000011c5bd000)]
=>0x00007f88c200b000 JavaThread "JDWP Transport Listener: dt_socket" daemon [_thread_in_vm, id=18435, stack(0x000000011c3ba000,0x000000011c4ba000)]
  0x00007f88c1006800 JavaThread "Signal Dispatcher" daemon [_thread_blocked, id=17923, stack(0x000000011c2b7000,0x000000011c3b7000)]
  0x00007f88c0816800 JavaThread "Finalizer" daemon [_thread_blocked, id=12547, stack(0x000000011bfe5000,0x000000011c0e5000)]
  0x00007f88c0815800 JavaThread "Reference Handler" daemon [_thread_blocked, id=12035, stack(0x000000011bee2000,0x000000011bfe2000)]

Other Threads:
  0x00007f88c0813000 VMThread [stack: 0x000000011bddf000,0x000000011bedf000] [id=11523]
  0x00007f88c0837800 WatcherThread [stack: 0x000000011c9cc000,0x000000011cacc000] [id=21507]

VM state:not at safepoint (normal execution)

VM Mutex/Monitor currently owned by a thread: None

Heap
 PSYoungGen      total 76800K, used 47963K [0x00000007aaa80000, 0x00000007b0000000, 0x0000000800000000)
  eden space 66048K, 56% used [0x00000007aaa80000,0x00000007acedb720,0x00000007aeb00000)
  from space 10752K, 99% used [0x00000007aeb00000,0x00000007af57b840,0x00000007af580000)
  to   space 10752K, 0% used [0x00000007af580000,0x00000007af580000,0x00000007b0000000)
 ParOldGen       total 174592K, used 821K [0x0000000700000000, 0x000000070aa80000, 0x00000007aaa80000)
  object space 174592K, 0% used [0x0000000700000000,0x00000007000cd518,0x000000070aa80000)
 PSPermGen       total 24064K, used 23964K [0x00000006fae00000, 0x00000006fc580000, 0x0000000700000000)
  object space 24064K, 99% used [0x00000006fae00000,0x00000006fc567230,0x00000006fc580000)

Card table byte_map: [0x0000000110e65000,0x000000011168f000] byte_map_base: 0x000000010d68e000

Polling page: 0x000000010c9de000

Code Cache  [0x000000010dda5000, 0x000000010e015000, 0x0000000110da5000)
 total_blobs=859 nmethods=193 adapters=628 free_code_cache=48051Kb largest_free_block=49172160

Compilation events (10 events):
Event: 195.627 Thread 0x00007f88c082e000  201             java.util.HashMap::get (29 bytes)
Event: 195.631 Thread 0x00007f88c082e000 nmethod 201 0x000000010deb7710 code [0x000000010deb7880, 0x000000010deb7ae8]
Event: 195.638 Thread 0x00007f88c0820800  202             sun.util.logging.PlatformLogger$Level::intValue (9 bytes)
Event: 195.638 Thread 0x00007f88c0820800 nmethod 202 0x000000010deb7fd0 code [0x000000010deb8100, 0x000000010deb8198]
Event: 195.690 Thread 0x00007f88c082e000  203             java.awt.geom.Rectangle2D::<init> (5 bytes)
Event: 195.690 Thread 0x00007f88c082e000 nmethod 203 0x000000010deb7d90 code [0x000000010deb7ec0, 0x000000010deb7f18]
Event: 197.921 Thread 0x00007f88c0820800  204             java.awt.image.PackedColorModel::DecomposeMask (147 bytes)
Event: 197.925 Thread 0x00007f88c0820800 nmethod 204 0x000000010deb8e50 code [0x000000010deb8fe0, 0x000000010deb93d8]
Event: 198.928 Thread 0x00007f88c082e000  205             java.util.Hashtable::hash (10 bytes)
Event: 198.929 Thread 0x00007f88c082e000 nmethod 205 0x000000010deb5ed0 code [0x000000010deb6020, 0x000000010deb6118]

GC Heap History (2 events):
Event: 194.985 GC heap before
{Heap before GC invocations=1 (full 0):
 PSYoungGen      total 76800K, used 66048K [0x00000007aaa80000, 0x00000007b0000000, 0x0000000800000000)
  eden space 66048K, 100% used [0x00000007aaa80000,0x00000007aeb00000,0x00000007aeb00000)
  from space 10752K, 0% used [0x00000007af580000,0x00000007af580000,0x00000007b0000000)
  to   space 10752K, 0% used [0x00000007aeb00000,0x00000007aeb00000,0x00000007af580000)
 ParOldGen       total 174592K, used 0K [0x0000000700000000, 0x000000070aa80000, 0x00000007aaa80000)
  object space 174592K, 0% used [0x0000000700000000,0x0000000700000000,0x000000070aa80000)
 PSPermGen       total 21504K, used 21018K [0x00000006fae00000, 0x00000006fc300000, 0x0000000700000000)
  object space 21504K, 97% used [0x00000006fae00000,0x00000006fc286bb8,0x00000006fc300000)
Event: 195.002 GC heap after
Heap after GC invocations=1 (full 0):
 PSYoungGen      total 76800K, used 10734K [0x00000007aaa80000, 0x00000007b0000000, 0x0000000800000000)
  eden space 66048K, 0% used [0x00000007aaa80000,0x00000007aaa80000,0x00000007aeb00000)
  from space 10752K, 99% used [0x00000007aeb00000,0x00000007af57b840,0x00000007af580000)
  to   space 10752K, 0% used [0x00000007af580000,0x00000007af580000,0x00000007b0000000)
 ParOldGen       total 174592K, used 821K [0x0000000700000000, 0x000000070aa80000, 0x00000007aaa80000)
  object space 174592K, 0% used [0x0000000700000000,0x00000007000cd518,0x000000070aa80000)
 PSPermGen       total 21504K, used 21018K [0x00000006fae00000, 0x00000006fc300000, 0x0000000700000000)
  object space 21504K, 97% used [0x00000006fae00000,0x00000006fc286bb8,0x00000006fc300000)
}

Deoptimization events (10 events):
Event: 36.197 Thread 0x00007f88c0874800 Uncommon trap: reason=unstable_if action=reinterpret pc=0x000000010de7313c method=java.lang.AbstractStringBuilder.append(Ljava/lang/String;)Ljava/lang/AbstractStringBuilder; @ 1
Event: 194.643 Thread 0x00007f88c0874800 Uncommon trap: reason=class_check action=maybe_recompile pc=0x000000010de3b6d8 method=java.util.Properties$LineReader.readLine()I @ 62
Event: 194.643 Thread 0x00007f88c0874800 Uncommon trap: reason=unstable_if action=reinterpret pc=0x000000010de3b57c method=java.util.Properties$LineReader.readLine()I @ 244
Event: 195.175 Thread 0x00007f88c0874800 Uncommon trap: reason=unstable_if action=reinterpret pc=0x000000010dea59b4 method=java.util.StringTokenizer.hasMoreTokens()Z @ 20
Event: 195.176 Thread 0x00007f88c0874800 Uncommon trap: reason=unstable_if action=reinterpret pc=0x000000010de33b50 method=java.util.HashMap.getEntry(Ljava/lang/Object;)Ljava/util/HashMap$Entry; @ 71
Event: 195.176 Thread 0x00007f88c0874800 Uncommon trap: reason=unstable_if action=reinterpret pc=0x000000010de32858 method=java.util.HashMap.getEntry(Ljava/lang/Object;)Ljava/util/HashMap$Entry; @ 71
Event: 195.245 Thread 0x00007f88c0874800 Uncommon trap: reason=unstable_if action=reinterpret pc=0x000000010de96b28 method=sun.misc.URLClassPath$JarLoader.ensureOpen()V @ 4
Event: 195.544 Thread 0x00007f88c0874800 Uncommon trap: reason=range_check action=make_not_entrant pc=0x000000010debb918 method=sun.awt.image.ByteInterleavedRaster.setPixels(IIII[I)V @ 205
Event: 195.639 Thread 0x00007f88c0874800 Uncommon trap: reason=unstable_if action=reinterpret pc=0x000000010dea36ac method=java.lang.Integer.parseInt(Ljava/lang/String;I)I @ 108
Event: 195.705 Thread 0x00007f88c1a82000 Uncommon trap: reason=unstable_if action=reinterpret pc=0x000000010de8b800 method=java.util.concurrent.locks.AbstractQueuedSynchronizer.isOnSyncQueue(Ljava/util/concurrent/locks/AbstractQueuedSynchronizer$Node;)Z @ 6

Internal exceptions (10 events):
Event: 195.607 Thread 0x00007f88c0874800 Threw 0x00000007ac9c66e8 at /Users/java_re/workspace/7u-2-build-macosx-x86_64/jdk7u80/2329/hotspot/src/share/vm/prims/jvm.cpp:1319
Event: 195.609 Thread 0x00007f88c0874800 Threw 0x00000007ac9e9058 at /Users/java_re/workspace/7u-2-build-macosx-x86_64/jdk7u80/2329/hotspot/src/share/vm/prims/jvm.cpp:1319
Event: 195.612 Thread 0x00007f88c0874800 Threw 0x00000007ac9f0830 at /Users/java_re/workspace/7u-2-build-macosx-x86_64/jdk7u80/2329/hotspot/src/share/vm/prims/jvm.cpp:1319
Event: 195.614 Thread 0x00007f88c0874800 Threw 0x00000007aca06718 at /Users/java_re/workspace/7u-2-build-macosx-x86_64/jdk7u80/2329/hotspot/src/share/vm/prims/jvm.cpp:1319
Event: 195.620 Thread 0x00007f88c0874800 Threw 0x00000007aca2baa8 at /Users/java_re/workspace/7u-2-build-macosx-x86_64/jdk7u80/2329/hotspot/src/share/vm/prims/jvm.cpp:1319
Event: 195.622 Thread 0x00007f88c0874800 Threw 0x00000007aca38600 at /Users/java_re/workspace/7u-2-build-macosx-x86_64/jdk7u80/2329/hotspot/src/share/vm/prims/jvm.cpp:1319
Event: 195.628 Thread 0x00007f88c0874800 Threw 0x00000007aca4f248 at /Users/java_re/workspace/7u-2-build-macosx-x86_64/jdk7u80/2329/hotspot/src/share/vm/prims/jvm.cpp:1319
Event: 195.631 Thread 0x00007f88c0874800 Threw 0x00000007aca5a0d0 at /Users/java_re/workspace/7u-2-build-macosx-x86_64/jdk7u80/2329/hotspot/src/share/vm/prims/jvm.cpp:1319
Event: 195.633 Thread 0x00007f88c0874800 Threw 0x00000007aca62810 at /Users/java_re/workspace/7u-2-build-macosx-x86_64/jdk7u80/2329/hotspot/src/share/vm/prims/jvm.cpp:1319
Event: 195.636 Thread 0x00007f88c0874800 Threw 0x00000007aca77890 at /Users/java_re/workspace/7u-2-build-macosx-x86_64/jdk7u80/2329/hotspot/src/share/vm/prims/jvm.cpp:1319

Events (10 events):
Event: 195.681 loading class 0x00007f88c218e640 done
Event: 195.681 loading class 0x00007f88c218e930
Event: 195.681 loading class 0x00007f88c218e930 done
Event: 195.681 loading class 0x00007f88c218dad0
Event: 195.681 loading class 0x00007f88c218dad0 done
Event: 195.705 Thread 0x00007f88c1a82000 Uncommon trap: trap_request=0xffffff75 fr.pc=0x000000010de8b800
Event: 195.705 Thread 0x00007f88c1a82000 DEOPT PACKING pc=0x000000010de8b800 sp=0x0000000125f0e830
Event: 195.705 Thread 0x00007f88c1a82000 DEOPT UNPACKING pc=0x000000010ddde045 sp=0x0000000125f0e7a8 mode 2
Event: 503.056 Executing VM operation: RedefineClasses
Event: 503.060 Executing VM operation: RedefineClasses done


Dynamic libraries:
0x0000000005578000 	/System/Library/Frameworks/Cocoa.framework/Versions/A/Cocoa
0x0000000005578000 	/System/Library/Frameworks/Security.framework/Versions/A/Security
0x0000000005578000 	/System/Library/Frameworks/ApplicationServices.framework/Versions/A/ApplicationServices
0x0000000005578000 	/usr/lib/libz.1.dylib
0x0000000005578000 	/usr/lib/libSystem.B.dylib
0x0000000005578000 	/usr/lib/libobjc.A.dylib
0x0000000005578000 	/System/Library/Frameworks/CoreFoundation.framework/Versions/A/CoreFoundation
0x0000000005578000 	/System/Library/Frameworks/Foundation.framework/Versions/C/Foundation
0x0000000005578000 	/System/Library/Frameworks/AppKit.framework/Versions/C/AppKit
0x0000000005578000 	/System/Library/Frameworks/CoreData.framework/Versions/A/CoreData
0x0000000005578000 	/System/Library/PrivateFrameworks/RemoteViewServices.framework/Versions/A/RemoteViewServices
0x0000000005578000 	/System/Library/Frameworks/AudioToolbox.framework/Versions/A/AudioToolbox
0x0000000005578000 	/System/Library/Frameworks/AudioUnit.framework/Versions/A/AudioUnit
0x0000000005578000 	/System/Library/PrivateFrameworks/DataDetectorsCore.framework/Versions/A/DataDetectorsCore
0x0000000005578000 	/System/Library/PrivateFrameworks/DesktopServicesPriv.framework/Versions/A/DesktopServicesPriv
0x0000000005578000 	/System/Library/Frameworks/Carbon.framework/Versions/A/Frameworks/HIToolbox.framework/Versions/A/HIToolbox
0x0000000005578000 	/System/Library/Frameworks/QuartzCore.framework/Versions/A/QuartzCore
0x0000000005578000 	/System/Library/Frameworks/Carbon.framework/Versions/A/Frameworks/SpeechRecognition.framework/Versions/A/SpeechRecognition
0x0000000005578000 	/usr/lib/libauto.dylib
0x0000000005578000 	/usr/lib/libicucore.A.dylib
0x0000000005578000 	/usr/lib/libxml2.2.dylib
0x0000000005578000 	/System/Library/PrivateFrameworks/CoreUI.framework/Versions/A/CoreUI
0x0000000005578000 	/System/Library/Frameworks/CoreAudio.framework/Versions/A/CoreAudio
0x0000000005578000 	/System/Library/Frameworks/DiskArbitration.framework/Versions/A/DiskArbitration
0x0000000005578000 	/usr/lib/liblangid.dylib
0x0000000005578000 	/System/Library/PrivateFrameworks/MultitouchSupport.framework/Versions/A/MultitouchSupport
0x0000000005578000 	/System/Library/Frameworks/IOKit.framework/Versions/A/IOKit
0x0000000005578000 	/usr/lib/libDiagnosticMessagesClient.dylib
0x0000000005578000 	/System/Library/Frameworks/CoreServices.framework/Versions/A/CoreServices
0x0000000005578000 	/System/Library/PrivateFrameworks/PerformanceAnalysis.framework/Versions/A/PerformanceAnalysis
0x0000000005578000 	/System/Library/PrivateFrameworks/GenerationalStorage.framework/Versions/A/GenerationalStorage
0x0000000005578000 	/System/Library/Frameworks/OpenGL.framework/Versions/A/OpenGL
0x0000000005578000 	/System/Library/PrivateFrameworks/Sharing.framework/Versions/A/Sharing
0x0000000005578000 	/System/Library/Frameworks/ImageIO.framework/Versions/A/ImageIO
0x0000000005578000 	/System/Library/Frameworks/CoreText.framework/Versions/A/CoreText
0x0000000005578000 	/System/Library/Frameworks/CoreGraphics.framework/Versions/A/CoreGraphics
0x0000000005578000 	/System/Library/PrivateFrameworks/Backup.framework/Versions/A/Backup
0x0000000005578000 	/System/Library/Frameworks/CFNetwork.framework/Versions/A/CFNetwork
0x0000000005578000 	/System/Library/Frameworks/SystemConfiguration.framework/Versions/A/SystemConfiguration
0x0000000005578000 	/usr/lib/libCRFSuite.dylib
0x0000000005578000 	/usr/lib/libc++.1.dylib
0x0000000005578000 	/usr/lib/libc++abi.dylib
0x0000000005578000 	/usr/lib/system/libcache.dylib
0x0000000005578000 	/usr/lib/system/libcommonCrypto.dylib
0x0000000005578000 	/usr/lib/system/libcompiler_rt.dylib
0x0000000005578000 	/usr/lib/system/libcopyfile.dylib
0x0000000005578000 	/usr/lib/system/libcorecrypto.dylib
0x0000000005578000 	/usr/lib/system/libdispatch.dylib
0x0000000005578000 	/usr/lib/system/libdyld.dylib
0x0000000005578000 	/usr/lib/system/libkeymgr.dylib
0x0000000005578000 	/usr/lib/system/liblaunch.dylib
0x0000000005578000 	/usr/lib/system/libmacho.dylib
0x0000000005578000 	/usr/lib/system/libquarantine.dylib
0x0000000005578000 	/usr/lib/system/libremovefile.dylib
0x0000000005578000 	/usr/lib/system/libsystem_asl.dylib
0x0000000005578000 	/usr/lib/system/libsystem_blocks.dylib
0x0000000005578000 	/usr/lib/system/libsystem_c.dylib
0x0000000005578000 	/usr/lib/system/libsystem_configuration.dylib
0x0000000005578000 	/usr/lib/system/libsystem_dnssd.dylib
0x0000000005578000 	/usr/lib/system/libsystem_info.dylib
0x0000000005578000 	/usr/lib/system/libsystem_kernel.dylib
0x0000000005578000 	/usr/lib/system/libsystem_m.dylib
0x0000000005578000 	/usr/lib/system/libsystem_malloc.dylib
0x0000000005578000 	/usr/lib/system/libsystem_network.dylib
0x0000000005578000 	/usr/lib/system/libsystem_notify.dylib
0x0000000005578000 	/usr/lib/system/libsystem_platform.dylib
0x0000000005578000 	/usr/lib/system/libsystem_pthread.dylib
0x0000000005578000 	/usr/lib/system/libsystem_sandbox.dylib
0x0000000005578000 	/usr/lib/system/libsystem_stats.dylib
0x0000000005578000 	/usr/lib/system/libunc.dylib
0x0000000005578000 	/usr/lib/system/libunwind.dylib
0x0000000005578000 	/usr/lib/system/libxpc.dylib
0x0000000005578000 	/usr/lib/libbsm.0.dylib
0x0000000005578000 	/usr/lib/libsqlite3.dylib
0x0000000005578000 	/usr/lib/libxar.1.dylib
0x0000000005578000 	/usr/lib/libpam.2.dylib
0x0000000005578000 	/usr/lib/libOpenScriptingUtil.dylib
0x0000000005578000 	/usr/lib/libbz2.1.0.dylib
0x0000000005578000 	/System/Library/Frameworks/CoreServices.framework/Versions/A/Frameworks/CarbonCore.framework/Versions/A/CarbonCore
0x0000000005578000 	/System/Library/Frameworks/CoreServices.framework/Versions/A/Frameworks/Metadata.framework/Versions/A/Metadata
0x0000000005578000 	/System/Library/Frameworks/CoreServices.framework/Versions/A/Frameworks/OSServices.framework/Versions/A/OSServices
0x0000000005578000 	/System/Library/Frameworks/CoreServices.framework/Versions/A/Frameworks/SearchKit.framework/Versions/A/SearchKit
0x0000000005578000 	/System/Library/Frameworks/CoreServices.framework/Versions/A/Frameworks/AE.framework/Versions/A/AE
0x0000000005578000 	/System/Library/Frameworks/CoreServices.framework/Versions/A/Frameworks/LaunchServices.framework/Versions/A/LaunchServices
0x0000000005578000 	/System/Library/Frameworks/CoreServices.framework/Versions/A/Frameworks/DictionaryServices.framework/Versions/A/DictionaryServices
0x0000000005578000 	/System/Library/Frameworks/NetFS.framework/Versions/A/NetFS
0x0000000005578000 	/usr/lib/system/libkxld.dylib
0x0000000005578000 	/System/Library/PrivateFrameworks/NetAuth.framework/Versions/A/NetAuth
0x0000000005578000 	/System/Library/PrivateFrameworks/TCC.framework/Versions/A/TCC
0x0000000005578000 	/System/Library/Frameworks/OpenDirectory.framework/Versions/A/Frameworks/CFOpenDirectory.framework/Versions/A/CFOpenDirectory
0x0000000005578000 	/System/Library/Frameworks/ServiceManagement.framework/Versions/A/ServiceManagement
0x0000000005578000 	/usr/lib/libxslt.1.dylib
0x0000000005578000 	/System/Library/Frameworks/Carbon.framework/Versions/A/Frameworks/Ink.framework/Versions/A/Ink
0x0000000005578000 	/System/Library/Frameworks/ApplicationServices.framework/Versions/A/Frameworks/ATS.framework/Versions/A/ATS
0x0000000005578000 	/System/Library/Frameworks/ApplicationServices.framework/Versions/A/Frameworks/ColorSync.framework/Versions/A/ColorSync
0x0000000005578000 	/System/Library/Frameworks/ApplicationServices.framework/Versions/A/Frameworks/HIServices.framework/Versions/A/HIServices
0x0000000005578000 	/System/Library/Frameworks/ApplicationServices.framework/Versions/A/Frameworks/LangAnalysis.framework/Versions/A/LangAnalysis
0x0000000005578000 	/System/Library/Frameworks/ApplicationServices.framework/Versions/A/Frameworks/PrintCore.framework/Versions/A/PrintCore
0x0000000005578000 	/System/Library/Frameworks/ApplicationServices.framework/Versions/A/Frameworks/QD.framework/Versions/A/QD
0x0000000005578000 	/System/Library/Frameworks/ApplicationServices.framework/Versions/A/Frameworks/SpeechSynthesis.framework/Versions/A/SpeechSynthesis
0x0000000005578000 	/System/Library/Frameworks/IOSurface.framework/Versions/A/IOSurface
0x0000000005578000 	/System/Library/Frameworks/Accelerate.framework/Versions/A/Accelerate
0x0000000005578000 	/System/Library/Frameworks/Accelerate.framework/Versions/A/Frameworks/vImage.framework/Versions/A/vImage
0x0000000005578000 	/System/Library/Frameworks/Accelerate.framework/Versions/A/Frameworks/vecLib.framework/Versions/A/vecLib
0x0000000005578000 	/System/Library/Frameworks/Accelerate.framework/Versions/A/Frameworks/vecLib.framework/Versions/A/libvDSP.dylib
0x0000000005578000 	/System/Library/Frameworks/Accelerate.framework/Versions/A/Frameworks/vecLib.framework/Versions/A/libvMisc.dylib
0x0000000005578000 	/System/Library/Frameworks/Accelerate.framework/Versions/A/Frameworks/vecLib.framework/Versions/A/libLAPACK.dylib
0x0000000005578000 	/System/Library/Frameworks/Accelerate.framework/Versions/A/Frameworks/vecLib.framework/Versions/A/libBLAS.dylib
0x0000000005578000 	/System/Library/Frameworks/ApplicationServices.framework/Versions/A/Frameworks/ATS.framework/Versions/A/Resources/libFontParser.dylib
0x0000000005578000 	/System/Library/Frameworks/ApplicationServices.framework/Versions/A/Frameworks/ATS.framework/Versions/A/Resources/libFontRegistry.dylib
0x0000000005578000 	/System/Library/Frameworks/ImageIO.framework/Versions/A/Resources/libJPEG.dylib
0x0000000005578000 	/System/Library/Frameworks/ImageIO.framework/Versions/A/Resources/libTIFF.dylib
0x0000000005578000 	/System/Library/Frameworks/ImageIO.framework/Versions/A/Resources/libPng.dylib
0x0000000005578000 	/System/Library/Frameworks/ImageIO.framework/Versions/A/Resources/libGIF.dylib
0x0000000005578000 	/System/Library/Frameworks/ImageIO.framework/Versions/A/Resources/libJP2.dylib
0x0000000005578000 	/System/Library/Frameworks/ImageIO.framework/Versions/A/Resources/libRadiance.dylib
0x0000000005578000 	/usr/lib/libcups.2.dylib
0x0000000005578000 	/System/Library/Frameworks/Kerberos.framework/Versions/A/Kerberos
0x0000000005578000 	/System/Library/Frameworks/GSS.framework/Versions/A/GSS
0x0000000005578000 	/usr/lib/libresolv.9.dylib
0x0000000005578000 	/usr/lib/libiconv.2.dylib
0x0000000005578000 	/System/Library/PrivateFrameworks/Heimdal.framework/Versions/A/Heimdal
0x0000000005578000 	/System/Library/PrivateFrameworks/TrustEvaluationAgent.framework/Versions/A/TrustEvaluationAgent
0x0000000005578000 	/usr/lib/libheimdal-asn1.dylib
0x0000000005578000 	/System/Library/Frameworks/OpenDirectory.framework/Versions/A/OpenDirectory
0x0000000005578000 	/System/Library/PrivateFrameworks/CommonAuth.framework/Versions/A/CommonAuth
0x0000000005578000 	/System/Library/Frameworks/SecurityFoundation.framework/Versions/A/SecurityFoundation
0x0000000005578000 	/System/Library/PrivateFrameworks/Bom.framework/Versions/A/Bom
0x0000000005578000 	/System/Library/Frameworks/CoreVideo.framework/Versions/A/CoreVideo
0x0000000005578000 	/System/Library/Frameworks/QuartzCore.framework/Versions/A/Frameworks/CoreImage.framework/Versions/A/CoreImage
0x0000000005578000 	/System/Library/Frameworks/QuartzCore.framework/Versions/A/Frameworks/ScalableUserInterface.framework/Versions/A/ScalableUserInterface
0x0000000005578000 	/System/Library/Frameworks/OpenGL.framework/Versions/A/Libraries/libGLU.dylib
0x0000000005578000 	/System/Library/Frameworks/OpenGL.framework/Versions/A/Libraries/libGFXShared.dylib
0x0000000005578000 	/System/Library/Frameworks/OpenGL.framework/Versions/A/Libraries/libGL.dylib
0x0000000005578000 	/System/Library/Frameworks/OpenGL.framework/Versions/A/Libraries/libGLImage.dylib
0x0000000005578000 	/System/Library/Frameworks/OpenGL.framework/Versions/A/Libraries/libCVMSPluginSupport.dylib
0x0000000005578000 	/System/Library/Frameworks/OpenGL.framework/Versions/A/Libraries/libCoreVMClient.dylib
0x0000000005578000 	/System/Library/PrivateFrameworks/FaceCore.framework/Versions/A/FaceCore
0x0000000005578000 	/System/Library/PrivateFrameworks/CrashReporterSupport.framework/Versions/A/CrashReporterSupport
0x0000000005578000 	/System/Library/Frameworks/OpenCL.framework/Versions/A/OpenCL
0x0000000005578000 	/System/Library/PrivateFrameworks/AppleFSCompression.framework/Versions/A/AppleFSCompression
0x0000000005578000 	/System/Library/PrivateFrameworks/Ubiquity.framework/Versions/A/Ubiquity
0x0000000005578000 	/System/Library/PrivateFrameworks/IconServices.framework/Versions/A/IconServices
0x0000000005578000 	/System/Library/PrivateFrameworks/ChunkingLibrary.framework/Versions/A/ChunkingLibrary
0x0000000005578000 	/System/Library/PrivateFrameworks/CoreSymbolication.framework/Versions/A/CoreSymbolication
0x0000000005578000 	/System/Library/PrivateFrameworks/Symbolication.framework/Versions/A/Symbolication
0x0000000005578000 	/System/Library/PrivateFrameworks/DebugSymbols.framework/Versions/A/DebugSymbols
0x000000010d200000 	/Library/Java/JavaVirtualMachines/jdk1.7.0_80.jdk/Contents/Home/jre/lib/server/libjvm.dylib
0x0000000005578000 	/usr/lib/libstdc++.6.dylib
0x000000010c9a1000 	/Library/Java/JavaVirtualMachines/jdk1.7.0_80.jdk/Contents/Home/jre/lib/libverify.dylib
0x000000010c9ae000 	/Library/Java/JavaVirtualMachines/jdk1.7.0_80.jdk/Contents/Home/jre/lib/libjava.dylib
0x000000010dd68000 	/Library/Java/JavaVirtualMachines/jdk1.7.0_80.jdk/Contents/Home/jre/lib/libjdwp.dylib
0x000000010c9df000 	/Library/Java/JavaVirtualMachines/jdk1.7.0_80.jdk/Contents/Home/jre/lib/libnpt.dylib
0x000000010c9ec000 	/Library/Java/JavaVirtualMachines/jdk1.7.0_80.jdk/Contents/Home/jre/lib/libzip.dylib
0x000000011c0e7000 	/System/Library/Frameworks/JavaVM.framework/Frameworks/JavaRuntimeSupport.framework/JavaRuntimeSupport
0x000000011c0ff000 	/System/Library/Frameworks/JavaVM.framework/Versions/A/Frameworks/JavaNativeFoundation.framework/Versions/A/JavaNativeFoundation
0x000000011c114000 	/System/Library/Frameworks/JavaVM.framework/Versions/A/JavaVM
0x0000000005578000 	/System/Library/Frameworks/Carbon.framework/Versions/A/Carbon
0x000000011c121000 	/System/Library/PrivateFrameworks/JavaLaunching.framework/Versions/A/JavaLaunching
0x0000000005578000 	/System/Library/Frameworks/Carbon.framework/Versions/A/Frameworks/CommonPanels.framework/Versions/A/CommonPanels
0x0000000005578000 	/System/Library/Frameworks/Carbon.framework/Versions/A/Frameworks/Help.framework/Versions/A/Help
0x0000000005578000 	/System/Library/Frameworks/Carbon.framework/Versions/A/Frameworks/ImageCapture.framework/Versions/A/ImageCapture
0x0000000005578000 	/System/Library/Frameworks/Carbon.framework/Versions/A/Frameworks/OpenScripting.framework/Versions/A/OpenScripting
0x0000000005578000 	/System/Library/Frameworks/Carbon.framework/Versions/A/Frameworks/Print.framework/Versions/A/Print
0x0000000005578000 	/System/Library/Frameworks/Carbon.framework/Versions/A/Frameworks/SecurityHI.framework/Versions/A/SecurityHI
0x000000010c9f8000 	/Library/Java/JavaVirtualMachines/jdk1.7.0_80.jdk/Contents/Home/jre/lib/libdt_socket.dylib
0x000000011cb5c000 	/Library/Java/JavaVirtualMachines/jdk1.7.0_80.jdk/Contents/Home/jre/lib/libawt.dylib
0x000000011cc0b000 	/Library/Java/JavaVirtualMachines/jdk1.7.0_80.jdk/Contents/Home/jre/lib/./libmlib_image.dylib
0x000000011ccd7000 	/Library/Java/JavaVirtualMachines/jdk1.7.0_80.jdk/Contents/Home/jre/lib/lwawt/liblwawt.dylib
0x000000011cd8d000 	/Library/Java/JavaVirtualMachines/jdk1.7.0_80.jdk/Contents/Home/jre/lib/libosxapp.dylib
0x0000000005578000 	/System/Library/Frameworks/ExceptionHandling.framework/Versions/A/ExceptionHandling
0x0000000005578000 	/System/Library/PrivateFrameworks/CoreServicesInternal.framework/Versions/A/CoreServicesInternal
0x0000000005578000 	/System/Library/PrivateFrameworks/Librarian.framework/Versions/A/Librarian
0x000000011e56d000 	/System/Library/Frameworks/CoreGraphics.framework/Versions/A/Resources/libCGCMS.A.dylib
0x000000011e57e000 	/System/Library/Frameworks/CoreGraphics.framework/Versions/A/Resources/libRIP.A.dylib
0x000000011e5cd000 	/System/Library/Frameworks/CoreGraphics.framework/Versions/A/Resources/libCGXType.A.dylib
0x0000000005578000 	/System/Library/PrivateFrameworks/FamilyControls.framework/Versions/A/FamilyControls
0x0000000005578000 	/System/Library/PrivateFrameworks/CommerceKit.framework/Versions/A/Frameworks/CommerceCore.framework/Versions/A/CommerceCore
0x0000000005578000 	/System/Library/PrivateFrameworks/SystemAdministration.framework/Versions/A/SystemAdministration
0x0000000005578000 	/System/Library/Frameworks/DirectoryService.framework/Versions/A/DirectoryService
0x0000000005578000 	/System/Library/PrivateFrameworks/DiskImages.framework/Versions/A/DiskImages
0x0000000005578000 	/System/Library/PrivateFrameworks/LoginUIKit.framework/Versions/A/Frameworks/LoginUICore.framework/Versions/A/LoginUICore
0x0000000005578000 	/usr/lib/libCoreStorage.dylib
0x0000000005578000 	/usr/lib/libcsfde.dylib
0x0000000005578000 	/usr/lib/libodfde.dylib
0x0000000005578000 	/System/Library/Frameworks/DiscRecording.framework/Versions/A/DiscRecording
0x0000000005578000 	/usr/lib/libcurl.4.dylib
0x0000000005578000 	/System/Library/PrivateFrameworks/MediaKit.framework/Versions/A/MediaKit
0x0000000005578000 	/System/Library/PrivateFrameworks/EFILogin.framework/Versions/A/EFILogin
0x0000000005578000 	/usr/lib/libutil.dylib
0x0000000005578000 	/System/Library/PrivateFrameworks/AOSNotification.framework/Versions/A/AOSNotification
0x0000000005578000 	/System/Library/Frameworks/LDAP.framework/Versions/A/LDAP
0x0000000005578000 	/usr/lib/libsasl2.2.dylib
0x0000000005578000 	/usr/lib/libcrypto.0.9.8.dylib
0x0000000005578000 	/usr/lib/libssl.0.9.8.dylib
0x0000000120d01000 	/Library/Java/JavaVirtualMachines/jdk1.7.0_80.jdk/Contents/Home/jre/lib/libfontmanager.dylib
0x0000000005578000 	/System/Library/Frameworks/OpenGL.framework/Versions/A/Resources/GLEngine.bundle/GLEngine
0x0000000005578000 	/System/Library/Frameworks/OpenGL.framework/Versions/A/Libraries/libGLProgrammability.dylib
0x0000000120f6e000 	/System/Library/Extensions/AppleIntelHD4000GraphicsGLDriver.bundle/Contents/MacOS/AppleIntelHD4000GraphicsGLDriver
0x0000000005578000 	/System/Library/PrivateFrameworks/IOAccelerator.framework/Versions/A/IOAccelerator
0x0000000005578000 	/System/Library/PrivateFrameworks/GPUSupport.framework/Versions/A/Libraries/libGPUSupportMercury.dylib
0x0000000005578000 	/System/Library/Frameworks/OpenGL.framework/Versions/A/Resources/GLRendererFloat.bundle/GLRendererFloat
0x0000000005578000 	/System/Library/Frameworks/OpenCL.framework/Versions/A/Libraries/libcldcpuengine.dylib
0x0000000122313000 	/Library/Java/JavaVirtualMachines/jdk1.7.0_80.jdk/Contents/Home/jre/lib/libosxui.dylib
0x0000000124261000 	/Library/Java/JavaVirtualMachines/jdk1.7.0_80.jdk/Contents/Home/jre/lib/libnet.dylib
0x0000000124011000 	/Library/Java/JavaVirtualMachines/jdk1.7.0_80.jdk/Contents/Home/jre/lib/libnio.dylib
0x0000000128000000 	/Library/Java/JavaVirtualMachines/jdk1.7.0_80.jdk/Contents/Home/jre/lib/libsunec.dylib
0x0000000005578000 	/System/Library/Frameworks/ApplicationServices.framework/Versions/A/Frameworks/ATS.framework/Versions/A/Resources/libTrueTypeScaler.dylib
0x000000011fbfa000 	/Library/Java/JavaVirtualMachines/jdk1.7.0_80.jdk/Contents/Home/jre/lib/libdcpr.dylib
0x000000011fc28000 	/Library/Java/JavaVirtualMachines/jdk1.7.0_80.jdk/Contents/Home/jre/lib/libjpeg.dylib
0x000000011c19a000 	/Library/Java/JavaVirtualMachines/jdk1.7.0_80.jdk/Contents/Home/jre/lib/libosx.dylib

VM Arguments:
jvm_args: -agentlib:jdwp=transport=dt_socket,suspend=y,address=localhost:49164 -Dfile.encoding=UTF-8 
java_command: main.MainClass
Launcher Type: SUN_STANDARD

Environment Variables:
PATH=/usr/bin:/bin:/usr/sbin:/sbin
SHELL=/bin/bash

Signal Handlers:
SIGSEGV: [libjvm.dylib+0x52e8c9], sa_mask[0]=0xfffefeff, sa_flags=0x00000043
SIGBUS: [libjvm.dylib+0x52e8c9], sa_mask[0]=0xfffefeff, sa_flags=0x00000042
SIGFPE: [libjvm.dylib+0x42022e], sa_mask[0]=0xfffefeff, sa_flags=0x00000042
SIGPIPE: [libjvm.dylib+0x42022e], sa_mask[0]=0xfffefeff, sa_flags=0x00000042
SIGXFSZ: [libjvm.dylib+0x42022e], sa_mask[0]=0xfffefeff, sa_flags=0x00000042
SIGILL: [libjvm.dylib+0x42022e], sa_mask[0]=0xfffefeff, sa_flags=0x00000042
SIGUSR1: SIG_DFL, sa_mask[0]=0x00000000, sa_flags=0x00000002
SIGUSR2: [libjvm.dylib+0x41fd20], sa_mask[0]=0x00000004, sa_flags=0x00000042
SIGHUP: [libjvm.dylib+0x41dfd5], sa_mask[0]=0xfffefeff, sa_flags=0x00000042
SIGINT: [libjvm.dylib+0x41dfd5], sa_mask[0]=0xfffefeff, sa_flags=0x00000042
SIGTERM: [libjvm.dylib+0x41dfd5], sa_mask[0]=0xfffefeff, sa_flags=0x00000042
SIGQUIT: [libjvm.dylib+0x41dfd5], sa_mask[0]=0xfffefeff, sa_flags=0x00000042


---------------  S Y S T E M  ---------------

OS:Bsduname:Darwin 13.4.0 Darwin Kernel Version 13.4.0: Wed Mar 18 16:20:14 PDT 2015; root:xnu-2422.115.14~1/RELEASE_X86_64 x86_64
rlimit: STACK 8192k, CORE 0k, NPROC 709, NOFILE 10240, AS infinity
load average:0.78 0.68 1.00

CPU:total 4 (2 cores per cpu, 2 threads per core) family 6 model 58 stepping 9, cmov, cx8, fxsr, mmx, sse, sse2, sse3, ssse3, sse4.1, sse4.2, popcnt, avx, aes, erms, ht, tsc, tscinvbit, tscinv

Memory: 4k page, physical 16777216k(4194304k free)

/proc/meminfo:


vm_info: Java HotSpot(TM) 64-Bit Server VM (24.80-b11) for bsd-amd64 JRE (1.7.0_80-b15), built on Apr 10 2015 11:25:43 by "java_re" with gcc 4.2.1 (Based on Apple Inc. build 5658) (LLVM build 2336.11.00)

time: Wed Aug 19 17:54:22 2015
elapsed time: 503 seconds

